Arguments: 
  /home/fujita/.nvm/versions/node/v16.13.1/bin/node /home/fujita/.nvm/versions/node/v16.13.1/bin/yarn

PATH: 
  /home/fujita/.pyenv/shims:/home/fujita/.pyenv/bin:/home/fujita/.pyenv/shims:/home/fujita/.pyenv/bin:/home/fujita/.vscode-server/bin/6261075646f055b99068d3688932416f2346dd3b/bin/remote-cli:/home/linuxbrew/.linuxbrew/bin:/home/linuxbrew/.linuxbrew/sbin:/home/fujita/.pyenv/shims:/home/fujita/.pyenv/bin:/home/fujita/.nvm/versions/node/v16.13.1/bin:/home/fujita/.sdkman/candidates/sbt/current/bin:/home/fujita/.sdkman/candidates/java/current/bin:/home/fujita/.pyenv/shims:/home/fujita/.pyenv/bin:/usr/local/sbin:/usr/local/bin:/usr/sbin:/usr/bin:/sbin:/bin:/usr/games:/usr/local/games:/usr/lib/wsl/lib:/mnt/c/Program Files/WindowsApps/Microsoft.WindowsTerminal_1.15.2875.0_x64__8wekyb3d8bbwe:/mnt/c/Program Files/Oculus/Support/oculus-runtime:/mnt/c/Windows/system32:/mnt/c/Windows:/mnt/c/Windows/System32/Wbem:/mnt/c/Windows/System32/WindowsPowerShell/v1.0/:/mnt/c/Program Files/dotnet/:/mnt/c/Program Files/Microsoft SQL Server/130/Tools/Binn/:/mnt/c/Program Files/Microsoft SQL Server/Client SDK/ODBC/170/Tools/Binn/:/mnt/c/Program Files/NVIDIA Corporation/NVIDIA NvDLISR:/mnt/c/Program Files/Intel/WiFi/bin/:/mnt/c/Program Files/Common Files/Intel/WirelessCommon/:/mnt/c/Program Files/Git/cmd:/mnt/c/WINDOWS/system32:/mnt/c/WINDOWS:/mnt/c/WINDOWS/System32/Wbem:/mnt/c/WINDOWS/System32/WindowsPowerShell/v1.0/:/mnt/c/WINDOWS/System32/OpenSSH/:/mnt/c/Users/MasanoriFujita/AppData/Local/Microsoft/WindowsApps:/mnt/c/Users/MasanoriFujita/AppData/Local/Programs/Microsoft VS Code/bin:/mnt/c/Program Files/OpenSSH:/mnt/c/WINDOWS/system32:/mnt/c/WINDOWS:/mnt/c/WINDOWS/System32/Wbem:/mnt/c/WINDOWS/System32/WindowsPowerShell/v1.0/:/mnt/c/Program Files/PowerShell/7/:/mnt/c/Program Files/gs/gs10.00.0/bin:/mnt/c/Users/MasanoriFujita/scoop/apps/nvm/current/nodejs/nodejs:/mnt/c/Users/MasanoriFujita/scoop/shims:/mnt/c/Users/MasanoriFujita/AppData/Local/Microsoft/WindowsApps:/mnt/c/Program Files/OpenSSH:/mnt/c/Users/MasanoriFujita/AppData/Local/Programs/Microsoft VS Code/bin:/mnt/c/Users/MasanoriFujita/AppData/Local/Microsoft/WindowsApps:/home/fujita/bin:/usr/local/go/bin:/home/fujita/bin:/usr/local/go/bin

Yarn version: 
  1.22.17

Node version: 
  16.13.1

Platform: 
  linux x64

Trace: 
  SyntaxError: /home/fujita/dev/bnn/backlog-sprinter/package.json: Unexpected end of JSON input
      at JSON.parse (<anonymous>)
      at /home/fujita/.nvm/versions/node/v16.13.1/lib/node_modules/yarn/lib/cli.js:1625:59
      at Generator.next (<anonymous>)
      at step (/home/fujita/.nvm/versions/node/v16.13.1/lib/node_modules/yarn/lib/cli.js:310:30)
      at /home/fujita/.nvm/versions/node/v16.13.1/lib/node_modules/yarn/lib/cli.js:321:13

npm manifest: 
  

yarn manifest: 
  No manifest

Lockfile: 
  No lockfile
